<?xml version="1.0" encoding="UTF-8"?>
<!-- Generated by org.testng.reporters.JUnitReportReporter -->
<testsuite hostname="DESKTOP-IM6L1R0" failures="0" tests="1" name="com.crm.cheeteh.CreateContactTest" time="0.030" errors="0" timestamp="2022-03-28T12:33:28 IST" skipped="0">
  <testcase classname="com.crm.cheeteh.CreateContactTest" name="contact" time="0.030"/>
  <system-out/>
</testsuite> <!-- com.crm.cheeteh.CreateContactTest -->
