<?xml version="1.0" encoding="UTF-8"?>
<!-- Generated by org.testng.reporters.JUnitReportReporter -->
<testsuite hostname="DESKTOP-IM6L1R0" failures="0" tests="1" name="com.crm.cheeteh.VtigerTest" time="0.029" errors="0" timestamp="2022-03-29T14:49:17 IST" skipped="0">
  <testcase classname="com.crm.cheeteh.VtigerTest" name="paramertes" time="0.029"/>
  <system-out/>
</testsuite> <!-- com.crm.cheeteh.VtigerTest -->
